<?xml version="1.0" encoding="UTF-8"?>
<!-- Generated by org.testng.reporters.JUnitReportReporter -->
<testsuite hostname="chairunnissap" failures="0" tests="1" name="automation.StandAloneTest" time="7.643" errors="0" timestamp="2025-10-13T02:30:52 WIB" skipped="0">
  <testcase classname="automation.StandAloneTest" name="ValidLoginTest" time="7.643"/>
</testsuite> <!-- automation.StandAloneTest -->
