<?xml version="1.0" encoding="UTF-8"?>
<!-- Generated by org.testng.reporters.JUnitReportReporter -->
<testsuite hostname="chairunnissap" failures="0" tests="1" name="runner.TestRunner" time="15.575" errors="0" timestamp="2025-10-26T16:09:35 WIB" skipped="0">
  <testcase classname="runner.TestRunner" name="runScenario" time="15.575"/>
</testsuite> <!-- runner.TestRunner -->
