<?xml version="1.0" encoding="UTF-8"?>
<!-- Generated by org.testng.reporters.JUnitReportReporter -->
<testsuite hostname="chairunnissap" failures="0" tests="3" name="runner.TestRunner" time="25.713" errors="0" timestamp="2025-10-15T01:17:03 WIB" skipped="0">
  <testcase classname="runner.TestRunner" name="runScenario" time="9.893"/>
  <testcase classname="runner.TestRunner" name="runScenario" time="7.872"/>
  <testcase classname="runner.TestRunner" name="runScenario" time="7.948"/>
</testsuite> <!-- runner.TestRunner -->
